<?xml version="1.0" encoding="UTF-8"?>
<!-- Generated by org.testng.reporters.JUnitReportReporter -->
<testsuite skipped="0" hostname="DESKTOP-P1OV4AS" name="Listeners.LoginTest" tests="2" failures="0" timestamp="21 Apr 2019 08:27:09 GMT" time="0.024" errors="0">
  <testcase name="loginwithFacebook" time="0.006" classname="Listeners.LoginTest"/>
  <testcase name="loginwithEmail" time="0.018" classname="Listeners.LoginTest"/>
</testsuite> <!-- Listeners.LoginTest -->
