<?xml version="1.0" encoding="UTF-8"?>
<!-- Generated by org.testng.reporters.JUnitReportReporter -->
<testsuite skipped="0" hostname="DESKTOP-P1OV4AS" name="testNg.LearningDataParameters" tests="6" failures="0" timestamp="21 Apr 2019 07:55:09 GMT" time="0.046" errors="0">
  <testcase name="LoginUser" time="0.023" classname="testNg.LearningDataParameters"/>
  <testcase name="LoginUser" time="0.002" classname="testNg.LearningDataParameters"/>
  <testcase name="LoginUser" time="0.003" classname="testNg.LearningDataParameters"/>
  <testcase name="registerUser" time="0.005" classname="testNg.LearningDataParameters"/>
  <testcase name="registerUser" time="0.009" classname="testNg.LearningDataParameters"/>
  <testcase name="registerUser" time="0.004" classname="testNg.LearningDataParameters"/>
</testsuite> <!-- testNg.LearningDataParameters -->
