<?xml version="1.0" encoding="UTF-8"?>
<!-- Generated by org.testng.reporters.JUnitReportReporter -->
<testsuite skipped="0" hostname="DESKTOP-P1OV4AS" name="testNg.TestNGAnotation_1" tests="2" failures="0" timestamp="20 Apr 2019 23:08:01 GMT" time="0.010" errors="0">
  <testcase name="test2" time="0.002" classname="testNg.TestNGAnotation_1"/>
  <testcase name="test1" time="0.008" classname="testNg.TestNGAnotation_1"/>
</testsuite> <!-- testNg.TestNGAnotation_1 -->
