<?xml version="1.0" encoding="UTF-8"?>
<!-- Generated by org.testng.reporters.JUnitReportReporter -->
<testsuite skipped="0" hostname="DESKTOP-P1OV4AS" name="lib.TestingLog4j" tests="1" failures="0" timestamp="21 Apr 2019 10:37:39 GMT" time="9.129" errors="0">
  <testcase name="testLogs" time="9.129" classname="lib.TestingLog4j"/>
</testsuite> <!-- lib.TestingLog4j -->
