<?xml version="1.0" encoding="UTF-8"?>
<!-- Generated by org.testng.reporters.JUnitReportReporter -->
<testsuite skipped="0" hostname="DESKTOP-P1OV4AS" name="testNg.TestNGAnotation_2" tests="1" failures="0" timestamp="20 Apr 2019 23:08:01 GMT" time="0.003" errors="0">
  <testcase name="test3" time="0.003" classname="testNg.TestNGAnotation_2"/>
</testsuite> <!-- testNg.TestNGAnotation_2 -->
