<?xml version="1.0" encoding="UTF-8"?>
<!-- Generated by org.testng.reporters.JUnitReportReporter -->
<testsuite skipped="0" hostname="DESKTOP-P1OV4AS" name="toto.koko.DatePickerDemo" tests="1" failures="0" timestamp="20 Apr 2019 14:43:38 GMT" time="71.994" errors="0">
  <testcase name="testDAtePicker" time="71.994" classname="toto.koko.DatePickerDemo"/>
</testsuite> <!-- toto.koko.DatePickerDemo -->
