<?xml version="1.0" encoding="UTF-8"?>
<!-- Generated by org.testng.reporters.JUnitReportReporter -->
<testsuite skipped="0" hostname="DESKTOP-P1OV4AS" name="toto.koko.DateTimePicker" tests="1" failures="0" timestamp="20 Apr 2019 13:58:39 GMT" time="62.268" errors="0">
  <testcase name="dateTimePicker" time="62.268" classname="toto.koko.DateTimePicker"/>
</testsuite> <!-- toto.koko.DateTimePicker -->
