<?xml version="1.0" encoding="UTF-8"?>
<!-- Generated by org.testng.reporters.JUnitReportReporter -->
<testsuite name="toto.koko.AppTest" tests="1" time="0.023" ignored="0" failures="0" timestamp="20 Apr 2019 16:42:45 GMT" skipped="0" hostname="DESKTOP-P1OV4AS" errors="0">
  <testcase name="testApp" time="0.023" classname="toto.koko.AppTest"/>
</testsuite> <!-- toto.koko.AppTest -->
